status file for recon-all
Thu Dec 28 23:08:23 UTC 2017
#@# MotionCor Thu Dec 28 23:08:27 UTC 2017
#@# Talairach Thu Dec 28 23:08:45 UTC 2017
#@# Talairach Failure Detection Thu Dec 28 23:12:32 UTC 2017
#@# Nu Intensity Correction Thu Dec 28 23:12:33 UTC 2017
#@# Intensity Normalization Thu Dec 28 23:17:53 UTC 2017
#@# Skull Stripping Thu Dec 28 23:22:54 UTC 2017
#@# EM Registration Thu Dec 28 23:55:25 UTC 2017
#@# CA Normalize Fri Dec 29 00:23:24 UTC 2017
#@# CA Reg Fri Dec 29 00:26:52 UTC 2017
#@# SubCort Seg Fri Dec 29 08:16:04 UTC 2017
#@# Merge ASeg Fri Dec 29 11:48:18 UTC 2017
#@# Intensity Normalization2 Fri Dec 29 11:48:18 UTC 2017
#@# Mask BFS Fri Dec 29 11:56:45 UTC 2017
#@# WM Segmentation Fri Dec 29 11:56:50 UTC 2017
#@# Fill Fri Dec 29 12:02:59 UTC 2017
#@# Tessellate lh Fri Dec 29 12:05:05 UTC 2017
#@# Tessellate rh Fri Dec 29 12:05:21 UTC 2017
#@# Smooth1 lh Fri Dec 29 12:05:36 UTC 2017
#@# Smooth1 rh Fri Dec 29 12:05:50 UTC 2017
#@# Inflation1 lh Fri Dec 29 12:06:04 UTC 2017
#@# Inflation1 rh Fri Dec 29 12:07:33 UTC 2017
#@# QSphere lh Fri Dec 29 12:08:58 UTC 2017
#@# QSphere rh Fri Dec 29 12:17:56 UTC 2017
#@# Fix Topology Copy lh Fri Dec 29 12:26:44 UTC 2017
#@# Fix Topology Copy rh Fri Dec 29 12:26:44 UTC 2017
#@# Fix Topology lh Fri Dec 29 12:26:44 UTC 2017
#@# Fix Topology rh Fri Dec 29 16:03:11 UTC 2017
#@# Make White Surf lh Fri Dec 29 19:01:08 UTC 2017
#@# Make White Surf rh Fri Dec 29 19:13:20 UTC 2017
#@# Smooth2 lh Fri Dec 29 19:25:19 UTC 2017
#@# Smooth2 rh Fri Dec 29 19:25:32 UTC 2017
#@# Inflation2 lh Fri Dec 29 19:25:45 UTC 2017
#@# Inflation2 rh Fri Dec 29 19:27:13 UTC 2017
#@# Curv .H and .K lh Fri Dec 29 19:28:41 UTC 2017
#@# Curv .H and .K rh Fri Dec 29 19:32:11 UTC 2017
#@# Curvature Stats lh Fri Dec 29 19:35:45 UTC 2017
#@# Curvature Stats rh Fri Dec 29 19:35:55 UTC 2017
#@# Sphere lh Fri Dec 29 19:36:05 UTC 2017
#@# Sphere rh Fri Dec 29 21:51:28 UTC 2017
#@# Surf Reg lh Fri Dec 29 23:56:16 UTC 2017
#@# Surf Reg rh Sat Dec 30 01:49:44 UTC 2017
#@# Jacobian white lh Sat Dec 30 03:53:28 UTC 2017
#@# Jacobian white rh Sat Dec 30 03:53:32 UTC 2017
#@# AvgCurv lh Sat Dec 30 03:53:35 UTC 2017
#@# AvgCurv rh Sat Dec 30 03:53:39 UTC 2017
#@# Cortical Parc lh Sat Dec 30 03:53:42 UTC 2017
#@# Cortical Parc rh Sat Dec 30 03:54:11 UTC 2017
#@# Make Pial Surf lh Sat Dec 30 03:54:39 UTC 2017
#@# Make Pial Surf rh Sat Dec 30 04:23:04 UTC 2017
#@# Surf Volume lh Sat Dec 30 04:51:31 UTC 2017
#@# Surf Volume rh Sat Dec 30 04:51:38 UTC 2017
#@# Cortical ribbon mask Sat Dec 30 04:51:45 UTC 2017
#@# Parcellation Stats lh Sat Dec 30 05:19:45 UTC 2017
#@# Parcellation Stats rh Sat Dec 30 05:22:47 UTC 2017
#@# Cortical Parc 2 lh Sat Dec 30 05:25:48 UTC 2017
#@# Cortical Parc 2 rh Sat Dec 30 05:26:28 UTC 2017
#@# Parcellation Stats 2 lh Sat Dec 30 05:27:07 UTC 2017
#@# Parcellation Stats 2 rh Sat Dec 30 05:28:41 UTC 2017
#@# Cortical Parc 3 lh Sat Dec 30 05:30:12 UTC 2017
#@# Cortical Parc 3 rh Sat Dec 30 05:30:43 UTC 2017
#@# Parcellation Stats 3 lh Sat Dec 30 05:31:14 UTC 2017
#@# Parcellation Stats 3 rh Sat Dec 30 05:32:45 UTC 2017
#@# WM/GM Contrast lh Sat Dec 30 05:34:14 UTC 2017
#@# WM/GM Contrast rh Sat Dec 30 05:34:26 UTC 2017
#@# Relabel Hypointensities Sat Dec 30 05:34:37 UTC 2017
#@# AParc-to-ASeg aparc Sat Dec 30 05:35:26 UTC 2017
#@# AParc-to-ASeg a2009s Sat Dec 30 05:45:54 UTC 2017
#@# AParc-to-ASeg DKTatlas Sat Dec 30 05:56:23 UTC 2017
#@# APas-to-ASeg Sat Dec 30 06:06:23 UTC 2017
#@# ASeg Stats Sat Dec 30 06:06:36 UTC 2017
#@# WMParc Sat Dec 30 06:13:56 UTC 2017
#@# BA_exvivo Labels lh Sat Dec 30 06:34:18 UTC 2017
#@# BA_exvivo Labels rh Sat Dec 30 06:44:11 UTC 2017
recon-all -s 3013 finished without error at Sat Dec 30 06:54:05 UTC 2017
