status file for recon-all
Fri Dec 29 02:20:27 UTC 2017
#@# MotionCor Fri Dec 29 02:20:32 UTC 2017
#@# Talairach Fri Dec 29 02:20:50 UTC 2017
#@# Talairach Failure Detection Fri Dec 29 02:23:38 UTC 2017
#@# Nu Intensity Correction Fri Dec 29 02:23:38 UTC 2017
#@# Intensity Normalization Fri Dec 29 02:27:15 UTC 2017
#@# Skull Stripping Fri Dec 29 02:31:24 UTC 2017
#@# EM Registration Fri Dec 29 03:05:38 UTC 2017
#@# CA Normalize Fri Dec 29 03:38:42 UTC 2017
#@# CA Reg Fri Dec 29 03:41:31 UTC 2017
#@# SubCort Seg Fri Dec 29 08:47:35 UTC 2017
#@# Merge ASeg Fri Dec 29 10:31:11 UTC 2017
#@# Intensity Normalization2 Fri Dec 29 10:31:11 UTC 2017
#@# Mask BFS Fri Dec 29 10:37:47 UTC 2017
#@# WM Segmentation Fri Dec 29 10:37:50 UTC 2017
#@# Fill Fri Dec 29 10:41:39 UTC 2017
#@# Tessellate lh Fri Dec 29 10:43:18 UTC 2017
#@# Tessellate rh Fri Dec 29 10:43:30 UTC 2017
#@# Smooth1 lh Fri Dec 29 10:43:42 UTC 2017
#@# Smooth1 rh Fri Dec 29 10:43:51 UTC 2017
#@# Inflation1 lh Fri Dec 29 10:43:59 UTC 2017
#@# Inflation1 rh Fri Dec 29 10:44:52 UTC 2017
#@# QSphere lh Fri Dec 29 10:45:46 UTC 2017
#@# QSphere rh Fri Dec 29 10:51:21 UTC 2017
#@# Fix Topology Copy lh Fri Dec 29 10:56:43 UTC 2017
#@# Fix Topology Copy rh Fri Dec 29 10:56:43 UTC 2017
#@# Fix Topology lh Fri Dec 29 10:56:43 UTC 2017
#@# Fix Topology rh Fri Dec 29 12:25:11 UTC 2017
#@# Make White Surf lh Fri Dec 29 13:29:28 UTC 2017
#@# Make White Surf rh Fri Dec 29 13:37:24 UTC 2017
#@# Smooth2 lh Fri Dec 29 13:44:52 UTC 2017
#@# Smooth2 rh Fri Dec 29 13:45:00 UTC 2017
#@# Inflation2 lh Fri Dec 29 13:45:09 UTC 2017
#@# Inflation2 rh Fri Dec 29 13:46:00 UTC 2017
#@# Curv .H and .K lh Fri Dec 29 13:46:52 UTC 2017
#@# Curv .H and .K rh Fri Dec 29 13:49:07 UTC 2017
#@# Curvature Stats lh Fri Dec 29 13:51:18 UTC 2017
#@# Curvature Stats rh Fri Dec 29 13:51:24 UTC 2017
#@# Sphere lh Fri Dec 29 13:51:30 UTC 2017
#@# Sphere rh Fri Dec 29 15:18:06 UTC 2017
#@# Surf Reg lh Fri Dec 29 16:47:43 UTC 2017
#@# Surf Reg rh Fri Dec 29 18:09:36 UTC 2017
#@# Jacobian white lh Fri Dec 29 19:22:53 UTC 2017
#@# Jacobian white rh Fri Dec 29 19:22:56 UTC 2017
#@# AvgCurv lh Fri Dec 29 19:22:59 UTC 2017
#@# AvgCurv rh Fri Dec 29 19:23:01 UTC 2017
#@# Cortical Parc lh Fri Dec 29 19:23:03 UTC 2017
#@# Cortical Parc rh Fri Dec 29 19:23:28 UTC 2017
#@# Make Pial Surf lh Fri Dec 29 19:23:52 UTC 2017
#@# Make Pial Surf rh Fri Dec 29 19:46:43 UTC 2017
#@# Surf Volume lh Fri Dec 29 20:10:23 UTC 2017
#@# Surf Volume rh Fri Dec 29 20:10:28 UTC 2017
#@# Cortical ribbon mask Fri Dec 29 20:10:33 UTC 2017
#@# Parcellation Stats lh Fri Dec 29 20:34:04 UTC 2017
#@# Parcellation Stats rh Fri Dec 29 20:36:09 UTC 2017
#@# Cortical Parc 2 lh Fri Dec 29 20:38:22 UTC 2017
#@# Cortical Parc 2 rh Fri Dec 29 20:38:51 UTC 2017
#@# Parcellation Stats 2 lh Fri Dec 29 20:39:21 UTC 2017
#@# Parcellation Stats 2 rh Fri Dec 29 20:40:27 UTC 2017
#@# Cortical Parc 3 lh Fri Dec 29 20:41:36 UTC 2017
#@# Cortical Parc 3 rh Fri Dec 29 20:42:01 UTC 2017
#@# Parcellation Stats 3 lh Fri Dec 29 20:42:24 UTC 2017
#@# Parcellation Stats 3 rh Fri Dec 29 20:43:31 UTC 2017
#@# WM/GM Contrast lh Fri Dec 29 20:44:37 UTC 2017
#@# WM/GM Contrast rh Fri Dec 29 20:44:46 UTC 2017
#@# Relabel Hypointensities Fri Dec 29 20:44:56 UTC 2017
#@# AParc-to-ASeg aparc Fri Dec 29 20:45:35 UTC 2017
#@# AParc-to-ASeg a2009s Fri Dec 29 20:55:17 UTC 2017
#@# AParc-to-ASeg DKTatlas Fri Dec 29 21:05:35 UTC 2017
#@# APas-to-ASeg Fri Dec 29 21:15:13 UTC 2017
#@# ASeg Stats Fri Dec 29 21:15:26 UTC 2017
#@# WMParc Fri Dec 29 21:23:01 UTC 2017
#@# BA_exvivo Labels lh Fri Dec 29 21:40:39 UTC 2017
#@# BA_exvivo Labels rh Fri Dec 29 21:48:39 UTC 2017
recon-all -s 3104 finished without error at Fri Dec 29 21:56:14 UTC 2017
