status file for recon-all
Thu Dec 28 22:39:01 UTC 2017
#@# MotionCor Thu Dec 28 22:39:08 UTC 2017
#@# Talairach Thu Dec 28 22:39:33 UTC 2017
#@# Talairach Failure Detection Thu Dec 28 22:43:36 UTC 2017
#@# Nu Intensity Correction Thu Dec 28 22:43:36 UTC 2017
#@# Intensity Normalization Thu Dec 28 22:49:16 UTC 2017
#@# Skull Stripping Thu Dec 28 22:54:05 UTC 2017
#@# EM Registration Thu Dec 28 23:56:15 UTC 2017
#@# CA Normalize Fri Dec 29 00:43:23 UTC 2017
#@# CA Reg Fri Dec 29 00:47:05 UTC 2017
#@# SubCort Seg Fri Dec 29 09:29:48 UTC 2017
#@# Merge ASeg Fri Dec 29 12:34:06 UTC 2017
#@# Intensity Normalization2 Fri Dec 29 12:34:06 UTC 2017
#@# Mask BFS Fri Dec 29 12:43:13 UTC 2017
#@# WM Segmentation Fri Dec 29 12:43:18 UTC 2017
#@# Fill Fri Dec 29 12:49:25 UTC 2017
#@# Tessellate lh Fri Dec 29 12:51:49 UTC 2017
#@# Tessellate rh Fri Dec 29 12:52:07 UTC 2017
#@# Smooth1 lh Fri Dec 29 12:52:23 UTC 2017
#@# Smooth1 rh Fri Dec 29 12:52:36 UTC 2017
#@# Inflation1 lh Fri Dec 29 12:52:50 UTC 2017
#@# Inflation1 rh Fri Dec 29 12:54:06 UTC 2017
#@# QSphere lh Fri Dec 29 12:55:20 UTC 2017
#@# QSphere rh Fri Dec 29 13:03:00 UTC 2017
#@# Fix Topology Copy lh Fri Dec 29 13:10:24 UTC 2017
#@# Fix Topology Copy rh Fri Dec 29 13:10:24 UTC 2017
#@# Fix Topology lh Fri Dec 29 13:10:24 UTC 2017
#@# Fix Topology rh Fri Dec 29 14:27:19 UTC 2017
#@# Make White Surf lh Fri Dec 29 15:29:03 UTC 2017
#@# Make White Surf rh Fri Dec 29 15:39:16 UTC 2017
#@# Smooth2 lh Fri Dec 29 15:49:07 UTC 2017
#@# Smooth2 rh Fri Dec 29 15:49:20 UTC 2017
#@# Inflation2 lh Fri Dec 29 15:49:31 UTC 2017
#@# Inflation2 rh Fri Dec 29 15:50:38 UTC 2017
#@# Curv .H and .K lh Fri Dec 29 15:51:47 UTC 2017
#@# Curv .H and .K rh Fri Dec 29 15:54:42 UTC 2017
#@# Curvature Stats lh Fri Dec 29 15:57:54 UTC 2017
#@# Curvature Stats rh Fri Dec 29 15:58:01 UTC 2017
#@# Sphere lh Fri Dec 29 15:58:08 UTC 2017
#@# Sphere rh Fri Dec 29 17:25:01 UTC 2017
#@# Surf Reg lh Fri Dec 29 18:53:00 UTC 2017
#@# Surf Reg rh Fri Dec 29 20:46:59 UTC 2017
#@# Jacobian white lh Fri Dec 29 23:12:56 UTC 2017
#@# Jacobian white rh Fri Dec 29 23:13:00 UTC 2017
#@# AvgCurv lh Fri Dec 29 23:13:04 UTC 2017
#@# AvgCurv rh Fri Dec 29 23:13:08 UTC 2017
#@# Cortical Parc lh Fri Dec 29 23:13:11 UTC 2017
#@# Cortical Parc rh Fri Dec 29 23:13:50 UTC 2017
#@# Make Pial Surf lh Fri Dec 29 23:14:27 UTC 2017
#@# Make Pial Surf rh Fri Dec 29 23:45:32 UTC 2017
#@# Surf Volume lh Sat Dec 30 00:16:25 UTC 2017
#@# Surf Volume rh Sat Dec 30 00:16:31 UTC 2017
#@# Cortical ribbon mask Sat Dec 30 00:16:37 UTC 2017
#@# Parcellation Stats lh Sat Dec 30 00:42:27 UTC 2017
#@# Parcellation Stats rh Sat Dec 30 00:45:21 UTC 2017
#@# Cortical Parc 2 lh Sat Dec 30 00:48:22 UTC 2017
#@# Cortical Parc 2 rh Sat Dec 30 00:49:02 UTC 2017
#@# Parcellation Stats 2 lh Sat Dec 30 00:49:47 UTC 2017
#@# Parcellation Stats 2 rh Sat Dec 30 00:51:25 UTC 2017
#@# Cortical Parc 3 lh Sat Dec 30 00:53:03 UTC 2017
#@# Cortical Parc 3 rh Sat Dec 30 00:53:36 UTC 2017
#@# Parcellation Stats 3 lh Sat Dec 30 00:54:18 UTC 2017
#@# Parcellation Stats 3 rh Sat Dec 30 00:55:49 UTC 2017
#@# WM/GM Contrast lh Sat Dec 30 00:57:41 UTC 2017
#@# WM/GM Contrast rh Sat Dec 30 00:57:56 UTC 2017
#@# Relabel Hypointensities Sat Dec 30 00:58:09 UTC 2017
#@# AParc-to-ASeg aparc Sat Dec 30 00:59:08 UTC 2017
#@# AParc-to-ASeg a2009s Sat Dec 30 01:10:42 UTC 2017
#@# AParc-to-ASeg DKTatlas Sat Dec 30 01:21:04 UTC 2017
#@# APas-to-ASeg Sat Dec 30 01:32:03 UTC 2017
#@# ASeg Stats Sat Dec 30 01:32:20 UTC 2017
#@# WMParc Sat Dec 30 01:43:28 UTC 2017
#@# BA_exvivo Labels lh Sat Dec 30 02:09:38 UTC 2017
#@# BA_exvivo Labels rh Sat Dec 30 02:20:14 UTC 2017
recon-all -s 3003 finished without error at Sat Dec 30 02:30:56 UTC 2017
