status file for recon-all
Fri Dec 29 00:31:46 UTC 2017
#@# MotionCor Fri Dec 29 00:31:52 UTC 2017
#@# Talairach Fri Dec 29 00:32:15 UTC 2017
#@# Talairach Failure Detection Fri Dec 29 00:37:04 UTC 2017
#@# Nu Intensity Correction Fri Dec 29 00:37:05 UTC 2017
#@# Intensity Normalization Fri Dec 29 00:44:14 UTC 2017
#@# Skull Stripping Fri Dec 29 00:51:13 UTC 2017
#@# EM Registration Fri Dec 29 01:38:48 UTC 2017
#@# CA Normalize Fri Dec 29 02:18:07 UTC 2017
#@# CA Reg Fri Dec 29 02:23:23 UTC 2017
#@# SubCort Seg Fri Dec 29 12:53:43 UTC 2017
#@# Merge ASeg Fri Dec 29 16:30:42 UTC 2017
#@# Intensity Normalization2 Fri Dec 29 16:30:42 UTC 2017
#@# Mask BFS Fri Dec 29 16:40:46 UTC 2017
#@# WM Segmentation Fri Dec 29 16:40:52 UTC 2017
#@# Fill Fri Dec 29 16:46:46 UTC 2017
#@# Tessellate lh Fri Dec 29 16:49:07 UTC 2017
#@# Tessellate rh Fri Dec 29 16:49:28 UTC 2017
#@# Smooth1 lh Fri Dec 29 16:49:45 UTC 2017
#@# Smooth1 rh Fri Dec 29 16:50:00 UTC 2017
#@# Inflation1 lh Fri Dec 29 16:50:17 UTC 2017
#@# Inflation1 rh Fri Dec 29 16:51:57 UTC 2017
#@# QSphere lh Fri Dec 29 16:53:37 UTC 2017
#@# QSphere rh Fri Dec 29 17:03:55 UTC 2017
#@# Fix Topology Copy lh Fri Dec 29 17:13:29 UTC 2017
#@# Fix Topology Copy rh Fri Dec 29 17:13:29 UTC 2017
#@# Fix Topology lh Fri Dec 29 17:13:29 UTC 2017
#@# Fix Topology rh Fri Dec 29 17:58:10 UTC 2017
#@# Make White Surf lh Fri Dec 29 18:31:23 UTC 2017
#@# Make White Surf rh Fri Dec 29 18:45:09 UTC 2017
#@# Smooth2 lh Fri Dec 29 18:59:30 UTC 2017
#@# Smooth2 rh Fri Dec 29 18:59:43 UTC 2017
#@# Inflation2 lh Fri Dec 29 18:59:57 UTC 2017
#@# Inflation2 rh Fri Dec 29 19:01:27 UTC 2017
#@# Curv .H and .K lh Fri Dec 29 19:02:56 UTC 2017
#@# Curv .H and .K rh Fri Dec 29 19:06:22 UTC 2017
#@# Curvature Stats lh Fri Dec 29 19:09:46 UTC 2017
#@# Curvature Stats rh Fri Dec 29 19:09:56 UTC 2017
#@# Sphere lh Fri Dec 29 19:10:04 UTC 2017
#@# Sphere rh Fri Dec 29 21:05:00 UTC 2017
#@# Surf Reg lh Fri Dec 29 23:48:14 UTC 2017
#@# Surf Reg rh Sat Dec 30 02:21:50 UTC 2017
#@# Jacobian white lh Sat Dec 30 04:28:20 UTC 2017
#@# Jacobian white rh Sat Dec 30 04:28:26 UTC 2017
#@# AvgCurv lh Sat Dec 30 04:28:30 UTC 2017
#@# AvgCurv rh Sat Dec 30 04:28:34 UTC 2017
#@# Cortical Parc lh Sat Dec 30 04:28:38 UTC 2017
#@# Cortical Parc rh Sat Dec 30 04:29:15 UTC 2017
#@# Make Pial Surf lh Sat Dec 30 04:29:52 UTC 2017
#@# Make Pial Surf rh Sat Dec 30 05:01:57 UTC 2017
#@# Surf Volume lh Sat Dec 30 05:34:08 UTC 2017
#@# Surf Volume rh Sat Dec 30 05:34:16 UTC 2017
#@# Cortical ribbon mask Sat Dec 30 05:34:23 UTC 2017
#@# Parcellation Stats lh Sat Dec 30 06:09:25 UTC 2017
#@# Parcellation Stats rh Sat Dec 30 06:12:42 UTC 2017
#@# Cortical Parc 2 lh Sat Dec 30 06:16:01 UTC 2017
#@# Cortical Parc 2 rh Sat Dec 30 06:16:44 UTC 2017
#@# Parcellation Stats 2 lh Sat Dec 30 06:17:31 UTC 2017
#@# Parcellation Stats 2 rh Sat Dec 30 06:19:12 UTC 2017
#@# Cortical Parc 3 lh Sat Dec 30 06:20:55 UTC 2017
#@# Cortical Parc 3 rh Sat Dec 30 06:21:31 UTC 2017
#@# Parcellation Stats 3 lh Sat Dec 30 06:22:04 UTC 2017
#@# Parcellation Stats 3 rh Sat Dec 30 06:23:42 UTC 2017
#@# WM/GM Contrast lh Sat Dec 30 06:25:30 UTC 2017
#@# WM/GM Contrast rh Sat Dec 30 06:25:44 UTC 2017
#@# Relabel Hypointensities Sat Dec 30 06:25:57 UTC 2017
#@# AParc-to-ASeg aparc Sat Dec 30 06:27:01 UTC 2017
#@# AParc-to-ASeg a2009s Sat Dec 30 06:37:35 UTC 2017
#@# AParc-to-ASeg DKTatlas Sat Dec 30 06:47:27 UTC 2017
#@# APas-to-ASeg Sat Dec 30 06:57:07 UTC 2017
#@# ASeg Stats Sat Dec 30 06:57:23 UTC 2017
#@# WMParc Sat Dec 30 07:05:13 UTC 2017
#@# BA_exvivo Labels lh Sat Dec 30 07:28:19 UTC 2017
#@# BA_exvivo Labels rh Sat Dec 30 07:38:10 UTC 2017
recon-all -s 3067 finished without error at Sat Dec 30 07:48:04 UTC 2017
