status file for recon-all
Fri Dec 29 00:20:01 UTC 2017
#@# MotionCor Fri Dec 29 00:20:05 UTC 2017
#@# Talairach Fri Dec 29 00:20:18 UTC 2017
#@# Talairach Failure Detection Fri Dec 29 01:34:36 UTC 2017
#@# Nu Intensity Correction Fri Dec 29 01:34:41 UTC 2017
#@# Intensity Normalization Fri Dec 29 02:39:25 UTC 2017
#@# Skull Stripping Fri Dec 29 02:44:01 UTC 2017
#@# EM Registration Fri Dec 29 03:34:28 UTC 2017
#@# CA Normalize Fri Dec 29 04:09:22 UTC 2017
#@# CA Reg Fri Dec 29 04:12:48 UTC 2017
#@# SubCort Seg Fri Dec 29 11:20:29 UTC 2017
#@# Merge ASeg Fri Dec 29 13:25:38 UTC 2017
#@# Intensity Normalization2 Fri Dec 29 13:25:39 UTC 2017
#@# Mask BFS Fri Dec 29 13:33:21 UTC 2017
#@# WM Segmentation Fri Dec 29 13:33:25 UTC 2017
#@# Fill Fri Dec 29 13:37:49 UTC 2017
#@# Tessellate lh Fri Dec 29 13:39:31 UTC 2017
#@# Tessellate rh Fri Dec 29 13:39:46 UTC 2017
#@# Smooth1 lh Fri Dec 29 13:40:00 UTC 2017
#@# Smooth1 rh Fri Dec 29 13:40:12 UTC 2017
#@# Inflation1 lh Fri Dec 29 13:40:24 UTC 2017
#@# Inflation1 rh Fri Dec 29 13:41:41 UTC 2017
#@# QSphere lh Fri Dec 29 13:42:55 UTC 2017
#@# QSphere rh Fri Dec 29 13:50:58 UTC 2017
#@# Fix Topology Copy lh Fri Dec 29 13:58:43 UTC 2017
#@# Fix Topology Copy rh Fri Dec 29 13:58:43 UTC 2017
#@# Fix Topology lh Fri Dec 29 13:58:43 UTC 2017
#@# Fix Topology rh Fri Dec 29 14:38:43 UTC 2017
#@# Make White Surf lh Fri Dec 29 14:58:47 UTC 2017
#@# Make White Surf rh Fri Dec 29 15:10:30 UTC 2017
#@# Smooth2 lh Fri Dec 29 15:21:41 UTC 2017
#@# Smooth2 rh Fri Dec 29 15:21:52 UTC 2017
#@# Inflation2 lh Fri Dec 29 15:22:03 UTC 2017
#@# Inflation2 rh Fri Dec 29 15:23:15 UTC 2017
#@# Curv .H and .K lh Fri Dec 29 15:24:31 UTC 2017
#@# Curv .H and .K rh Fri Dec 29 15:27:21 UTC 2017
#@# Curvature Stats lh Fri Dec 29 15:30:15 UTC 2017
#@# Curvature Stats rh Fri Dec 29 15:30:22 UTC 2017
#@# Sphere lh Fri Dec 29 15:30:30 UTC 2017
#@# Sphere rh Fri Dec 29 17:06:37 UTC 2017
#@# Surf Reg lh Fri Dec 29 18:44:54 UTC 2017
#@# Surf Reg rh Fri Dec 29 20:41:05 UTC 2017
#@# Jacobian white lh Fri Dec 29 23:01:52 UTC 2017
#@# Jacobian white rh Fri Dec 29 23:01:56 UTC 2017
#@# AvgCurv lh Fri Dec 29 23:02:01 UTC 2017
#@# AvgCurv rh Fri Dec 29 23:02:04 UTC 2017
#@# Cortical Parc lh Fri Dec 29 23:02:08 UTC 2017
#@# Cortical Parc rh Fri Dec 29 23:02:41 UTC 2017
#@# Make Pial Surf lh Fri Dec 29 23:03:16 UTC 2017
#@# Make Pial Surf rh Fri Dec 29 23:32:03 UTC 2017
#@# Surf Volume lh Sat Dec 30 00:00:42 UTC 2017
#@# Surf Volume rh Sat Dec 30 00:00:49 UTC 2017
#@# Cortical ribbon mask Sat Dec 30 00:00:56 UTC 2017
#@# Parcellation Stats lh Sat Dec 30 00:34:55 UTC 2017
#@# Parcellation Stats rh Sat Dec 30 00:37:32 UTC 2017
#@# Cortical Parc 2 lh Sat Dec 30 00:40:11 UTC 2017
#@# Cortical Parc 2 rh Sat Dec 30 00:40:48 UTC 2017
#@# Parcellation Stats 2 lh Sat Dec 30 00:41:26 UTC 2017
#@# Parcellation Stats 2 rh Sat Dec 30 00:42:45 UTC 2017
#@# Cortical Parc 3 lh Sat Dec 30 00:44:07 UTC 2017
#@# Cortical Parc 3 rh Sat Dec 30 00:44:35 UTC 2017
#@# Parcellation Stats 3 lh Sat Dec 30 00:45:03 UTC 2017
#@# Parcellation Stats 3 rh Sat Dec 30 00:46:20 UTC 2017
#@# WM/GM Contrast lh Sat Dec 30 00:47:39 UTC 2017
#@# WM/GM Contrast rh Sat Dec 30 00:47:51 UTC 2017
#@# Relabel Hypointensities Sat Dec 30 00:48:01 UTC 2017
#@# AParc-to-ASeg aparc Sat Dec 30 00:48:44 UTC 2017
#@# AParc-to-ASeg a2009s Sat Dec 30 00:57:13 UTC 2017
#@# AParc-to-ASeg DKTatlas Sat Dec 30 01:05:56 UTC 2017
#@# APas-to-ASeg Sat Dec 30 01:14:43 UTC 2017
#@# ASeg Stats Sat Dec 30 01:14:56 UTC 2017
#@# WMParc Sat Dec 30 01:22:02 UTC 2017
#@# BA_exvivo Labels lh Sat Dec 30 01:42:10 UTC 2017
#@# BA_exvivo Labels rh Sat Dec 30 01:51:05 UTC 2017
recon-all -s 3054 finished without error at Sat Dec 30 02:00:16 UTC 2017
