status file for recon-all
Fri Dec 29 00:33:01 UTC 2017
#@# MotionCor Fri Dec 29 00:33:09 UTC 2017
#@# Talairach Fri Dec 29 00:33:36 UTC 2017
#@# Talairach Failure Detection Fri Dec 29 00:38:54 UTC 2017
#@# Nu Intensity Correction Fri Dec 29 00:38:54 UTC 2017
#@# Intensity Normalization Fri Dec 29 00:45:49 UTC 2017
#@# Skull Stripping Fri Dec 29 00:52:41 UTC 2017
#@# EM Registration Fri Dec 29 01:49:22 UTC 2017
#@# CA Normalize Fri Dec 29 02:57:47 UTC 2017
#@# CA Reg Fri Dec 29 03:04:09 UTC 2017
#@# SubCort Seg Fri Dec 29 13:02:26 UTC 2017
#@# Merge ASeg Fri Dec 29 16:11:29 UTC 2017
#@# Intensity Normalization2 Fri Dec 29 16:11:29 UTC 2017
#@# Mask BFS Fri Dec 29 16:22:19 UTC 2017
#@# WM Segmentation Fri Dec 29 16:22:25 UTC 2017
#@# Fill Fri Dec 29 16:28:33 UTC 2017
#@# Tessellate lh Fri Dec 29 16:31:02 UTC 2017
#@# Tessellate rh Fri Dec 29 16:31:19 UTC 2017
#@# Smooth1 lh Fri Dec 29 16:31:35 UTC 2017
#@# Smooth1 rh Fri Dec 29 16:31:50 UTC 2017
#@# Inflation1 lh Fri Dec 29 16:32:06 UTC 2017
#@# Inflation1 rh Fri Dec 29 16:33:33 UTC 2017
#@# QSphere lh Fri Dec 29 16:34:51 UTC 2017
#@# QSphere rh Fri Dec 29 16:44:43 UTC 2017
#@# Fix Topology Copy lh Fri Dec 29 16:53:18 UTC 2017
#@# Fix Topology Copy rh Fri Dec 29 16:53:18 UTC 2017
#@# Fix Topology lh Fri Dec 29 16:53:18 UTC 2017
#@# Fix Topology rh Fri Dec 29 17:28:39 UTC 2017
#@# Make White Surf lh Fri Dec 29 18:05:40 UTC 2017
#@# Make White Surf rh Fri Dec 29 18:17:26 UTC 2017
#@# Smooth2 lh Fri Dec 29 18:29:05 UTC 2017
#@# Smooth2 rh Fri Dec 29 18:29:16 UTC 2017
#@# Inflation2 lh Fri Dec 29 18:29:28 UTC 2017
#@# Inflation2 rh Fri Dec 29 18:30:39 UTC 2017
#@# Curv .H and .K lh Fri Dec 29 18:31:51 UTC 2017
#@# Curv .H and .K rh Fri Dec 29 18:34:50 UTC 2017
#@# Curvature Stats lh Fri Dec 29 18:37:43 UTC 2017
#@# Curvature Stats rh Fri Dec 29 18:37:51 UTC 2017
#@# Sphere lh Fri Dec 29 18:37:59 UTC 2017
#@# Sphere rh Fri Dec 29 20:26:32 UTC 2017
#@# Surf Reg lh Fri Dec 29 21:55:20 UTC 2017
#@# Surf Reg rh Fri Dec 29 23:59:44 UTC 2017
#@# Jacobian white lh Sat Dec 30 01:51:33 UTC 2017
#@# Jacobian white rh Sat Dec 30 01:51:38 UTC 2017
#@# AvgCurv lh Sat Dec 30 01:51:42 UTC 2017
#@# AvgCurv rh Sat Dec 30 01:51:46 UTC 2017
#@# Cortical Parc lh Sat Dec 30 01:51:49 UTC 2017
#@# Cortical Parc rh Sat Dec 30 01:52:25 UTC 2017
#@# Make Pial Surf lh Sat Dec 30 01:53:02 UTC 2017
#@# Make Pial Surf rh Sat Dec 30 02:24:27 UTC 2017
#@# Surf Volume lh Sat Dec 30 02:56:47 UTC 2017
#@# Surf Volume rh Sat Dec 30 02:56:56 UTC 2017
#@# Cortical ribbon mask Sat Dec 30 02:57:05 UTC 2017
#@# Parcellation Stats lh Sat Dec 30 03:27:20 UTC 2017
#@# Parcellation Stats rh Sat Dec 30 03:30:57 UTC 2017
#@# Cortical Parc 2 lh Sat Dec 30 03:34:32 UTC 2017
#@# Cortical Parc 2 rh Sat Dec 30 03:35:22 UTC 2017
#@# Parcellation Stats 2 lh Sat Dec 30 03:36:12 UTC 2017
#@# Parcellation Stats 2 rh Sat Dec 30 03:38:03 UTC 2017
#@# Cortical Parc 3 lh Sat Dec 30 03:39:55 UTC 2017
#@# Cortical Parc 3 rh Sat Dec 30 03:40:37 UTC 2017
#@# Parcellation Stats 3 lh Sat Dec 30 03:41:14 UTC 2017
#@# Parcellation Stats 3 rh Sat Dec 30 03:42:56 UTC 2017
#@# WM/GM Contrast lh Sat Dec 30 03:44:35 UTC 2017
#@# WM/GM Contrast rh Sat Dec 30 03:44:52 UTC 2017
#@# Relabel Hypointensities Sat Dec 30 03:45:08 UTC 2017
#@# AParc-to-ASeg aparc Sat Dec 30 03:46:13 UTC 2017
#@# AParc-to-ASeg a2009s Sat Dec 30 04:00:09 UTC 2017
#@# AParc-to-ASeg DKTatlas Sat Dec 30 04:13:29 UTC 2017
#@# APas-to-ASeg Sat Dec 30 04:26:10 UTC 2017
#@# ASeg Stats Sat Dec 30 04:26:27 UTC 2017
#@# WMParc Sat Dec 30 04:38:06 UTC 2017
#@# BA_exvivo Labels lh Sat Dec 30 05:02:22 UTC 2017
#@# BA_exvivo Labels rh Sat Dec 30 05:13:23 UTC 2017
recon-all -s 3071 finished without error at Sat Dec 30 05:24:04 UTC 2017
