status file for recon-all
Thu Dec 28 22:39:45 UTC 2017
#@# MotionCor Thu Dec 28 22:39:51 UTC 2017
#@# Talairach Thu Dec 28 22:40:16 UTC 2017
#@# Talairach Failure Detection Thu Dec 28 22:44:29 UTC 2017
#@# Nu Intensity Correction Thu Dec 28 22:44:29 UTC 2017
#@# Intensity Normalization Thu Dec 28 22:50:20 UTC 2017
#@# Skull Stripping Thu Dec 28 22:55:14 UTC 2017
#@# EM Registration Thu Dec 28 23:52:07 UTC 2017
#@# CA Normalize Fri Dec 29 00:48:17 UTC 2017
#@# CA Reg Fri Dec 29 00:52:09 UTC 2017
#@# SubCort Seg Fri Dec 29 09:34:55 UTC 2017
#@# Merge ASeg Fri Dec 29 12:26:00 UTC 2017
#@# Intensity Normalization2 Fri Dec 29 12:26:00 UTC 2017
#@# Mask BFS Fri Dec 29 12:34:41 UTC 2017
#@# WM Segmentation Fri Dec 29 12:34:48 UTC 2017
#@# Fill Fri Dec 29 12:40:16 UTC 2017
#@# Tessellate lh Fri Dec 29 12:42:30 UTC 2017
#@# Tessellate rh Fri Dec 29 12:42:48 UTC 2017
#@# Smooth1 lh Fri Dec 29 12:43:04 UTC 2017
#@# Smooth1 rh Fri Dec 29 12:43:17 UTC 2017
#@# Inflation1 lh Fri Dec 29 12:43:30 UTC 2017
#@# Inflation1 rh Fri Dec 29 12:44:51 UTC 2017
#@# QSphere lh Fri Dec 29 12:46:13 UTC 2017
#@# QSphere rh Fri Dec 29 12:55:06 UTC 2017
#@# Fix Topology Copy lh Fri Dec 29 13:03:19 UTC 2017
#@# Fix Topology Copy rh Fri Dec 29 13:03:19 UTC 2017
#@# Fix Topology lh Fri Dec 29 13:03:20 UTC 2017
#@# Fix Topology rh Fri Dec 29 14:40:51 UTC 2017
#@# Make White Surf lh Fri Dec 29 16:32:57 UTC 2017
#@# Make White Surf rh Fri Dec 29 16:44:41 UTC 2017
#@# Smooth2 lh Fri Dec 29 16:56:01 UTC 2017
#@# Smooth2 rh Fri Dec 29 16:56:12 UTC 2017
#@# Inflation2 lh Fri Dec 29 16:56:24 UTC 2017
#@# Inflation2 rh Fri Dec 29 16:57:39 UTC 2017
#@# Curv .H and .K lh Fri Dec 29 16:58:52 UTC 2017
#@# Curv .H and .K rh Fri Dec 29 17:01:46 UTC 2017
#@# Curvature Stats lh Fri Dec 29 17:04:41 UTC 2017
#@# Curvature Stats rh Fri Dec 29 17:04:50 UTC 2017
#@# Sphere lh Fri Dec 29 17:04:59 UTC 2017
#@# Sphere rh Fri Dec 29 18:45:15 UTC 2017
#@# Surf Reg lh Fri Dec 29 20:33:46 UTC 2017
#@# Surf Reg rh Fri Dec 29 22:30:17 UTC 2017
#@# Jacobian white lh Sat Dec 30 00:34:50 UTC 2017
#@# Jacobian white rh Sat Dec 30 00:34:54 UTC 2017
#@# AvgCurv lh Sat Dec 30 00:34:58 UTC 2017
#@# AvgCurv rh Sat Dec 30 00:35:02 UTC 2017
#@# Cortical Parc lh Sat Dec 30 00:35:06 UTC 2017
#@# Cortical Parc rh Sat Dec 30 00:35:39 UTC 2017
#@# Make Pial Surf lh Sat Dec 30 00:36:11 UTC 2017
#@# Make Pial Surf rh Sat Dec 30 01:11:05 UTC 2017
#@# Surf Volume lh Sat Dec 30 01:45:12 UTC 2017
#@# Surf Volume rh Sat Dec 30 01:45:19 UTC 2017
#@# Cortical ribbon mask Sat Dec 30 01:45:27 UTC 2017
#@# Parcellation Stats lh Sat Dec 30 02:12:27 UTC 2017
#@# Parcellation Stats rh Sat Dec 30 02:15:37 UTC 2017
#@# Cortical Parc 2 lh Sat Dec 30 02:18:52 UTC 2017
#@# Cortical Parc 2 rh Sat Dec 30 02:19:35 UTC 2017
#@# Parcellation Stats 2 lh Sat Dec 30 02:20:17 UTC 2017
#@# Parcellation Stats 2 rh Sat Dec 30 02:21:48 UTC 2017
#@# Cortical Parc 3 lh Sat Dec 30 02:23:29 UTC 2017
#@# Cortical Parc 3 rh Sat Dec 30 02:24:06 UTC 2017
#@# Parcellation Stats 3 lh Sat Dec 30 02:24:40 UTC 2017
#@# Parcellation Stats 3 rh Sat Dec 30 02:26:13 UTC 2017
#@# WM/GM Contrast lh Sat Dec 30 02:27:47 UTC 2017
#@# WM/GM Contrast rh Sat Dec 30 02:28:00 UTC 2017
#@# Relabel Hypointensities Sat Dec 30 02:28:14 UTC 2017
#@# AParc-to-ASeg aparc Sat Dec 30 02:29:10 UTC 2017
#@# AParc-to-ASeg a2009s Sat Dec 30 02:38:58 UTC 2017
#@# AParc-to-ASeg DKTatlas Sat Dec 30 02:48:37 UTC 2017
#@# APas-to-ASeg Sat Dec 30 02:58:32 UTC 2017
#@# ASeg Stats Sat Dec 30 02:58:46 UTC 2017
#@# WMParc Sat Dec 30 03:07:38 UTC 2017
#@# BA_exvivo Labels lh Sat Dec 30 03:32:13 UTC 2017
#@# BA_exvivo Labels rh Sat Dec 30 03:41:53 UTC 2017
recon-all -s 3004 finished without error at Sat Dec 30 03:51:27 UTC 2017
