status file for recon-all
Fri Dec 29 00:24:33 UTC 2017
#@# MotionCor Fri Dec 29 00:24:36 UTC 2017
#@# Talairach Fri Dec 29 00:25:17 UTC 2017
#@# Talairach Failure Detection Fri Dec 29 01:34:36 UTC 2017
#@# Nu Intensity Correction Fri Dec 29 01:34:41 UTC 2017
#@# Intensity Normalization Fri Dec 29 02:34:08 UTC 2017
#@# Skull Stripping Fri Dec 29 02:38:10 UTC 2017
#@# EM Registration Fri Dec 29 03:31:18 UTC 2017
#@# CA Normalize Fri Dec 29 04:23:03 UTC 2017
#@# CA Reg Fri Dec 29 04:26:42 UTC 2017
#@# SubCort Seg Fri Dec 29 11:07:26 UTC 2017
#@# Merge ASeg Fri Dec 29 13:06:58 UTC 2017
#@# Intensity Normalization2 Fri Dec 29 13:06:58 UTC 2017
#@# Mask BFS Fri Dec 29 13:14:11 UTC 2017
#@# WM Segmentation Fri Dec 29 13:14:15 UTC 2017
#@# Fill Fri Dec 29 13:18:16 UTC 2017
#@# Tessellate lh Fri Dec 29 13:19:49 UTC 2017
#@# Tessellate rh Fri Dec 29 13:20:02 UTC 2017
#@# Smooth1 lh Fri Dec 29 13:20:16 UTC 2017
#@# Smooth1 rh Fri Dec 29 13:20:27 UTC 2017
#@# Inflation1 lh Fri Dec 29 13:20:39 UTC 2017
#@# Inflation1 rh Fri Dec 29 13:21:54 UTC 2017
#@# QSphere lh Fri Dec 29 13:23:06 UTC 2017
#@# QSphere rh Fri Dec 29 13:31:16 UTC 2017
#@# Fix Topology Copy lh Fri Dec 29 13:39:15 UTC 2017
#@# Fix Topology Copy rh Fri Dec 29 13:39:15 UTC 2017
#@# Fix Topology lh Fri Dec 29 13:39:15 UTC 2017
#@# Fix Topology rh Fri Dec 29 14:03:12 UTC 2017
#@# Make White Surf lh Fri Dec 29 14:33:11 UTC 2017
#@# Make White Surf rh Fri Dec 29 14:44:45 UTC 2017
#@# Smooth2 lh Fri Dec 29 14:56:08 UTC 2017
#@# Smooth2 rh Fri Dec 29 14:56:19 UTC 2017
#@# Inflation2 lh Fri Dec 29 14:56:30 UTC 2017
#@# Inflation2 rh Fri Dec 29 14:57:49 UTC 2017
#@# Curv .H and .K lh Fri Dec 29 14:59:08 UTC 2017
#@# Curv .H and .K rh Fri Dec 29 15:02:02 UTC 2017
#@# Curvature Stats lh Fri Dec 29 15:05:03 UTC 2017
#@# Curvature Stats rh Fri Dec 29 15:05:12 UTC 2017
#@# Sphere lh Fri Dec 29 15:05:21 UTC 2017
#@# Sphere rh Fri Dec 29 16:53:45 UTC 2017
#@# Surf Reg lh Fri Dec 29 18:52:37 UTC 2017
#@# Surf Reg rh Fri Dec 29 21:46:41 UTC 2017
#@# Jacobian white lh Fri Dec 29 23:34:39 UTC 2017
#@# Jacobian white rh Fri Dec 29 23:34:43 UTC 2017
#@# AvgCurv lh Fri Dec 29 23:34:47 UTC 2017
#@# AvgCurv rh Fri Dec 29 23:34:51 UTC 2017
#@# Cortical Parc lh Fri Dec 29 23:34:54 UTC 2017
#@# Cortical Parc rh Fri Dec 29 23:35:26 UTC 2017
#@# Make Pial Surf lh Fri Dec 29 23:35:58 UTC 2017
#@# Make Pial Surf rh Sat Dec 30 00:04:37 UTC 2017
#@# Surf Volume lh Sat Dec 30 00:32:05 UTC 2017
#@# Surf Volume rh Sat Dec 30 00:32:12 UTC 2017
#@# Cortical ribbon mask Sat Dec 30 00:32:18 UTC 2017
#@# Parcellation Stats lh Sat Dec 30 01:06:35 UTC 2017
#@# Parcellation Stats rh Sat Dec 30 01:09:09 UTC 2017
#@# Cortical Parc 2 lh Sat Dec 30 01:11:46 UTC 2017
#@# Cortical Parc 2 rh Sat Dec 30 01:12:25 UTC 2017
#@# Parcellation Stats 2 lh Sat Dec 30 01:13:02 UTC 2017
#@# Parcellation Stats 2 rh Sat Dec 30 01:14:21 UTC 2017
#@# Cortical Parc 3 lh Sat Dec 30 01:15:38 UTC 2017
#@# Cortical Parc 3 rh Sat Dec 30 01:16:07 UTC 2017
#@# Parcellation Stats 3 lh Sat Dec 30 01:16:35 UTC 2017
#@# Parcellation Stats 3 rh Sat Dec 30 01:17:52 UTC 2017
#@# WM/GM Contrast lh Sat Dec 30 01:19:08 UTC 2017
#@# WM/GM Contrast rh Sat Dec 30 01:19:18 UTC 2017
#@# Relabel Hypointensities Sat Dec 30 01:19:27 UTC 2017
#@# AParc-to-ASeg aparc Sat Dec 30 01:20:13 UTC 2017
#@# AParc-to-ASeg a2009s Sat Dec 30 01:29:01 UTC 2017
#@# AParc-to-ASeg DKTatlas Sat Dec 30 01:37:54 UTC 2017
#@# APas-to-ASeg Sat Dec 30 01:46:23 UTC 2017
#@# ASeg Stats Sat Dec 30 01:46:36 UTC 2017
#@# WMParc Sat Dec 30 01:51:52 UTC 2017
#@# BA_exvivo Labels lh Sat Dec 30 02:10:35 UTC 2017
#@# BA_exvivo Labels rh Sat Dec 30 02:20:19 UTC 2017
recon-all -s 3061 finished without error at Sat Dec 30 02:29:36 UTC 2017
