status file for recon-all
Thu Dec 28 23:08:53 UTC 2017
#@# MotionCor Thu Dec 28 23:08:57 UTC 2017
#@# Talairach Thu Dec 28 23:09:16 UTC 2017
#@# Talairach Failure Detection Thu Dec 28 23:12:38 UTC 2017
#@# Nu Intensity Correction Thu Dec 28 23:12:38 UTC 2017
#@# Intensity Normalization Thu Dec 28 23:17:18 UTC 2017
#@# Skull Stripping Thu Dec 28 23:22:17 UTC 2017
#@# EM Registration Fri Dec 29 00:14:11 UTC 2017
#@# CA Normalize Fri Dec 29 00:49:34 UTC 2017
#@# CA Reg Fri Dec 29 00:53:24 UTC 2017
#@# SubCort Seg Fri Dec 29 09:08:12 UTC 2017
#@# Merge ASeg Fri Dec 29 12:22:50 UTC 2017
#@# Intensity Normalization2 Fri Dec 29 12:22:50 UTC 2017
#@# Mask BFS Fri Dec 29 12:32:00 UTC 2017
#@# WM Segmentation Fri Dec 29 12:32:04 UTC 2017
#@# Fill Fri Dec 29 12:37:59 UTC 2017
#@# Tessellate lh Fri Dec 29 12:40:09 UTC 2017
#@# Tessellate rh Fri Dec 29 12:40:25 UTC 2017
#@# Smooth1 lh Fri Dec 29 12:40:42 UTC 2017
#@# Smooth1 rh Fri Dec 29 12:40:54 UTC 2017
#@# Inflation1 lh Fri Dec 29 12:41:06 UTC 2017
#@# Inflation1 rh Fri Dec 29 12:42:29 UTC 2017
#@# QSphere lh Fri Dec 29 12:43:52 UTC 2017
#@# QSphere rh Fri Dec 29 12:51:55 UTC 2017
#@# Fix Topology Copy lh Fri Dec 29 12:59:53 UTC 2017
#@# Fix Topology Copy rh Fri Dec 29 12:59:53 UTC 2017
#@# Fix Topology lh Fri Dec 29 12:59:53 UTC 2017
#@# Fix Topology rh Fri Dec 29 15:16:12 UTC 2017
#@# Make White Surf lh Fri Dec 29 18:13:04 UTC 2017
#@# Make White Surf rh Fri Dec 29 18:24:20 UTC 2017
#@# Smooth2 lh Fri Dec 29 18:35:19 UTC 2017
#@# Smooth2 rh Fri Dec 29 18:35:31 UTC 2017
#@# Inflation2 lh Fri Dec 29 18:35:44 UTC 2017
#@# Inflation2 rh Fri Dec 29 18:37:01 UTC 2017
#@# Curv .H and .K lh Fri Dec 29 18:38:26 UTC 2017
#@# Curv .H and .K rh Fri Dec 29 18:41:36 UTC 2017
#@# Curvature Stats lh Fri Dec 29 18:44:58 UTC 2017
#@# Curvature Stats rh Fri Dec 29 18:45:06 UTC 2017
#@# Sphere lh Fri Dec 29 18:45:15 UTC 2017
#@# Sphere rh Fri Dec 29 21:10:08 UTC 2017
#@# Surf Reg lh Fri Dec 29 23:32:07 UTC 2017
#@# Surf Reg rh Sat Dec 30 01:07:22 UTC 2017
#@# Jacobian white lh Sat Dec 30 03:05:41 UTC 2017
#@# Jacobian white rh Sat Dec 30 03:05:45 UTC 2017
#@# AvgCurv lh Sat Dec 30 03:05:50 UTC 2017
#@# AvgCurv rh Sat Dec 30 03:05:53 UTC 2017
#@# Cortical Parc lh Sat Dec 30 03:05:56 UTC 2017
#@# Cortical Parc rh Sat Dec 30 03:06:28 UTC 2017
#@# Make Pial Surf lh Sat Dec 30 03:06:59 UTC 2017
#@# Make Pial Surf rh Sat Dec 30 03:34:52 UTC 2017
#@# Surf Volume lh Sat Dec 30 04:01:48 UTC 2017
#@# Surf Volume rh Sat Dec 30 04:01:54 UTC 2017
#@# Cortical ribbon mask Sat Dec 30 04:02:00 UTC 2017
#@# Parcellation Stats lh Sat Dec 30 04:23:50 UTC 2017
#@# Parcellation Stats rh Sat Dec 30 04:26:27 UTC 2017
#@# Cortical Parc 2 lh Sat Dec 30 04:29:12 UTC 2017
#@# Cortical Parc 2 rh Sat Dec 30 04:29:49 UTC 2017
#@# Parcellation Stats 2 lh Sat Dec 30 04:30:24 UTC 2017
#@# Parcellation Stats 2 rh Sat Dec 30 04:31:44 UTC 2017
#@# Cortical Parc 3 lh Sat Dec 30 04:33:05 UTC 2017
#@# Cortical Parc 3 rh Sat Dec 30 04:33:33 UTC 2017
#@# Parcellation Stats 3 lh Sat Dec 30 04:34:00 UTC 2017
#@# Parcellation Stats 3 rh Sat Dec 30 04:35:20 UTC 2017
#@# WM/GM Contrast lh Sat Dec 30 04:36:41 UTC 2017
#@# WM/GM Contrast rh Sat Dec 30 04:36:52 UTC 2017
#@# Relabel Hypointensities Sat Dec 30 04:37:03 UTC 2017
#@# AParc-to-ASeg aparc Sat Dec 30 04:37:51 UTC 2017
#@# AParc-to-ASeg a2009s Sat Dec 30 04:49:16 UTC 2017
#@# AParc-to-ASeg DKTatlas Sat Dec 30 05:00:56 UTC 2017
#@# APas-to-ASeg Sat Dec 30 05:12:48 UTC 2017
#@# ASeg Stats Sat Dec 30 05:13:04 UTC 2017
#@# WMParc Sat Dec 30 05:21:32 UTC 2017
#@# BA_exvivo Labels lh Sat Dec 30 05:42:47 UTC 2017
#@# BA_exvivo Labels rh Sat Dec 30 05:52:35 UTC 2017
recon-all -s 3014 finished without error at Sat Dec 30 06:01:57 UTC 2017
