status file for recon-all
Fri Dec 29 00:33:56 UTC 2017
#@# MotionCor Fri Dec 29 00:34:05 UTC 2017
#@# Talairach Fri Dec 29 00:34:40 UTC 2017
#@# Talairach Failure Detection Fri Dec 29 00:39:54 UTC 2017
#@# Nu Intensity Correction Fri Dec 29 00:39:54 UTC 2017
#@# Intensity Normalization Fri Dec 29 00:46:49 UTC 2017
#@# Skull Stripping Fri Dec 29 00:53:12 UTC 2017
#@# EM Registration Fri Dec 29 02:15:23 UTC 2017
#@# CA Normalize Fri Dec 29 03:08:25 UTC 2017
#@# CA Reg Fri Dec 29 03:14:44 UTC 2017
#@# SubCort Seg Fri Dec 29 14:07:53 UTC 2017
#@# Merge ASeg Fri Dec 29 17:15:40 UTC 2017
#@# Intensity Normalization2 Fri Dec 29 17:15:40 UTC 2017
#@# Mask BFS Fri Dec 29 17:24:39 UTC 2017
#@# WM Segmentation Fri Dec 29 17:24:44 UTC 2017
#@# Fill Fri Dec 29 17:29:57 UTC 2017
#@# Tessellate lh Fri Dec 29 17:31:55 UTC 2017
#@# Tessellate rh Fri Dec 29 17:32:11 UTC 2017
#@# Smooth1 lh Fri Dec 29 17:32:26 UTC 2017
#@# Smooth1 rh Fri Dec 29 17:32:40 UTC 2017
#@# Inflation1 lh Fri Dec 29 17:32:53 UTC 2017
#@# Inflation1 rh Fri Dec 29 17:34:13 UTC 2017
#@# QSphere lh Fri Dec 29 17:35:40 UTC 2017
#@# QSphere rh Fri Dec 29 17:44:52 UTC 2017
#@# Fix Topology Copy lh Fri Dec 29 17:53:53 UTC 2017
#@# Fix Topology Copy rh Fri Dec 29 17:53:53 UTC 2017
#@# Fix Topology lh Fri Dec 29 17:53:53 UTC 2017
#@# Fix Topology rh Fri Dec 29 18:28:04 UTC 2017
#@# Make White Surf lh Fri Dec 29 19:09:39 UTC 2017
#@# Make White Surf rh Fri Dec 29 19:23:50 UTC 2017
#@# Smooth2 lh Fri Dec 29 19:37:43 UTC 2017
#@# Smooth2 rh Fri Dec 29 19:37:57 UTC 2017
#@# Inflation2 lh Fri Dec 29 19:38:10 UTC 2017
#@# Inflation2 rh Fri Dec 29 19:39:38 UTC 2017
#@# Curv .H and .K lh Fri Dec 29 19:41:11 UTC 2017
#@# Curv .H and .K rh Fri Dec 29 19:44:40 UTC 2017
#@# Curvature Stats lh Fri Dec 29 19:48:19 UTC 2017
#@# Curvature Stats rh Fri Dec 29 19:48:28 UTC 2017
#@# Sphere lh Fri Dec 29 19:48:36 UTC 2017
#@# Sphere rh Fri Dec 29 21:38:08 UTC 2017
#@# Surf Reg lh Sat Dec 30 00:00:07 UTC 2017
#@# Surf Reg rh Sat Dec 30 02:26:23 UTC 2017
#@# Jacobian white lh Sat Dec 30 04:50:50 UTC 2017
#@# Jacobian white rh Sat Dec 30 04:50:54 UTC 2017
#@# AvgCurv lh Sat Dec 30 04:50:58 UTC 2017
#@# AvgCurv rh Sat Dec 30 04:51:03 UTC 2017
#@# Cortical Parc lh Sat Dec 30 04:51:06 UTC 2017
#@# Cortical Parc rh Sat Dec 30 04:51:42 UTC 2017
#@# Make Pial Surf lh Sat Dec 30 04:52:16 UTC 2017
#@# Make Pial Surf rh Sat Dec 30 05:27:05 UTC 2017
#@# Surf Volume lh Sat Dec 30 06:01:07 UTC 2017
#@# Surf Volume rh Sat Dec 30 06:01:15 UTC 2017
#@# Cortical ribbon mask Sat Dec 30 06:01:22 UTC 2017
#@# Parcellation Stats lh Sat Dec 30 06:41:05 UTC 2017
#@# Parcellation Stats rh Sat Dec 30 06:44:34 UTC 2017
#@# Cortical Parc 2 lh Sat Dec 30 06:47:57 UTC 2017
#@# Cortical Parc 2 rh Sat Dec 30 06:48:41 UTC 2017
#@# Parcellation Stats 2 lh Sat Dec 30 06:49:27 UTC 2017
#@# Parcellation Stats 2 rh Sat Dec 30 06:51:03 UTC 2017
#@# Cortical Parc 3 lh Sat Dec 30 06:52:53 UTC 2017
#@# Cortical Parc 3 rh Sat Dec 30 06:53:33 UTC 2017
#@# Parcellation Stats 3 lh Sat Dec 30 06:54:10 UTC 2017
#@# Parcellation Stats 3 rh Sat Dec 30 06:55:51 UTC 2017
#@# WM/GM Contrast lh Sat Dec 30 06:57:28 UTC 2017
#@# WM/GM Contrast rh Sat Dec 30 06:57:41 UTC 2017
#@# Relabel Hypointensities Sat Dec 30 06:57:53 UTC 2017
#@# AParc-to-ASeg aparc Sat Dec 30 06:58:43 UTC 2017
#@# AParc-to-ASeg a2009s Sat Dec 30 07:09:13 UTC 2017
#@# AParc-to-ASeg DKTatlas Sat Dec 30 07:20:04 UTC 2017
#@# APas-to-ASeg Sat Dec 30 07:30:09 UTC 2017
#@# ASeg Stats Sat Dec 30 07:30:23 UTC 2017
#@# WMParc Sat Dec 30 07:38:55 UTC 2017
#@# BA_exvivo Labels lh Sat Dec 30 07:58:13 UTC 2017
#@# BA_exvivo Labels rh Sat Dec 30 08:07:45 UTC 2017
recon-all -s 3074 finished without error at Sat Dec 30 08:17:05 UTC 2017
