status file for recon-all
Thu Dec 28 23:11:10 UTC 2017
#@# MotionCor Thu Dec 28 23:11:15 UTC 2017
#@# Talairach Thu Dec 28 23:11:37 UTC 2017
#@# Talairach Failure Detection Thu Dec 28 23:16:35 UTC 2017
#@# Nu Intensity Correction Thu Dec 28 23:16:35 UTC 2017
#@# Intensity Normalization Thu Dec 28 23:21:12 UTC 2017
#@# Skull Stripping Thu Dec 28 23:26:19 UTC 2017
#@# EM Registration Fri Dec 29 00:17:55 UTC 2017
#@# CA Normalize Fri Dec 29 01:01:17 UTC 2017
#@# CA Reg Fri Dec 29 01:04:55 UTC 2017
#@# SubCort Seg Fri Dec 29 08:59:01 UTC 2017
#@# Merge ASeg Fri Dec 29 11:53:09 UTC 2017
#@# Intensity Normalization2 Fri Dec 29 11:53:09 UTC 2017
#@# Mask BFS Fri Dec 29 12:02:07 UTC 2017
#@# WM Segmentation Fri Dec 29 12:02:13 UTC 2017
#@# Fill Fri Dec 29 12:07:43 UTC 2017
#@# Tessellate lh Fri Dec 29 12:09:57 UTC 2017
#@# Tessellate rh Fri Dec 29 12:10:14 UTC 2017
#@# Smooth1 lh Fri Dec 29 12:10:31 UTC 2017
#@# Smooth1 rh Fri Dec 29 12:10:43 UTC 2017
#@# Inflation1 lh Fri Dec 29 12:10:56 UTC 2017
#@# Inflation1 rh Fri Dec 29 12:12:23 UTC 2017
#@# QSphere lh Fri Dec 29 12:13:46 UTC 2017
#@# QSphere rh Fri Dec 29 12:23:14 UTC 2017
#@# Fix Topology Copy lh Fri Dec 29 12:31:58 UTC 2017
#@# Fix Topology Copy rh Fri Dec 29 12:31:58 UTC 2017
#@# Fix Topology lh Fri Dec 29 12:31:58 UTC 2017
#@# Fix Topology rh Fri Dec 29 13:54:57 UTC 2017
#@# Make White Surf lh Fri Dec 29 15:04:29 UTC 2017
#@# Make White Surf rh Fri Dec 29 15:15:56 UTC 2017
#@# Smooth2 lh Fri Dec 29 15:27:20 UTC 2017
#@# Smooth2 rh Fri Dec 29 15:27:32 UTC 2017
#@# Inflation2 lh Fri Dec 29 15:27:45 UTC 2017
#@# Inflation2 rh Fri Dec 29 15:29:10 UTC 2017
#@# Curv .H and .K lh Fri Dec 29 15:30:34 UTC 2017
#@# Curv .H and .K rh Fri Dec 29 15:33:49 UTC 2017
#@# Curvature Stats lh Fri Dec 29 15:36:58 UTC 2017
#@# Curvature Stats rh Fri Dec 29 15:37:07 UTC 2017
#@# Sphere lh Fri Dec 29 15:37:17 UTC 2017
#@# Sphere rh Fri Dec 29 17:34:33 UTC 2017
#@# Surf Reg lh Fri Dec 29 19:43:35 UTC 2017
#@# Surf Reg rh Fri Dec 29 21:42:32 UTC 2017
#@# Jacobian white lh Fri Dec 29 23:56:13 UTC 2017
#@# Jacobian white rh Fri Dec 29 23:56:18 UTC 2017
#@# AvgCurv lh Fri Dec 29 23:56:22 UTC 2017
#@# AvgCurv rh Fri Dec 29 23:56:26 UTC 2017
#@# Cortical Parc lh Fri Dec 29 23:56:30 UTC 2017
#@# Cortical Parc rh Fri Dec 29 23:57:08 UTC 2017
#@# Make Pial Surf lh Fri Dec 29 23:57:42 UTC 2017
#@# Make Pial Surf rh Sat Dec 30 00:33:52 UTC 2017
#@# Surf Volume lh Sat Dec 30 01:08:31 UTC 2017
#@# Surf Volume rh Sat Dec 30 01:08:40 UTC 2017
#@# Cortical ribbon mask Sat Dec 30 01:08:48 UTC 2017
#@# Parcellation Stats lh Sat Dec 30 01:41:49 UTC 2017
#@# Parcellation Stats rh Sat Dec 30 01:45:29 UTC 2017
#@# Cortical Parc 2 lh Sat Dec 30 01:49:14 UTC 2017
#@# Cortical Parc 2 rh Sat Dec 30 01:50:01 UTC 2017
#@# Parcellation Stats 2 lh Sat Dec 30 01:50:46 UTC 2017
#@# Parcellation Stats 2 rh Sat Dec 30 01:52:35 UTC 2017
#@# Cortical Parc 3 lh Sat Dec 30 01:54:21 UTC 2017
#@# Cortical Parc 3 rh Sat Dec 30 01:54:58 UTC 2017
#@# Parcellation Stats 3 lh Sat Dec 30 01:55:40 UTC 2017
#@# Parcellation Stats 3 rh Sat Dec 30 01:57:26 UTC 2017
#@# WM/GM Contrast lh Sat Dec 30 01:59:20 UTC 2017
#@# WM/GM Contrast rh Sat Dec 30 01:59:34 UTC 2017
#@# Relabel Hypointensities Sat Dec 30 01:59:48 UTC 2017
#@# AParc-to-ASeg aparc Sat Dec 30 02:00:49 UTC 2017
#@# AParc-to-ASeg a2009s Sat Dec 30 02:13:53 UTC 2017
#@# AParc-to-ASeg DKTatlas Sat Dec 30 02:27:29 UTC 2017
#@# APas-to-ASeg Sat Dec 30 02:39:41 UTC 2017
#@# ASeg Stats Sat Dec 30 02:39:59 UTC 2017
#@# WMParc Sat Dec 30 02:50:14 UTC 2017
#@# BA_exvivo Labels lh Sat Dec 30 03:16:09 UTC 2017
#@# BA_exvivo Labels rh Sat Dec 30 03:27:09 UTC 2017
recon-all -s 3021 finished without error at Sat Dec 30 03:37:58 UTC 2017
