status file for recon-all
Fri Dec 29 00:34:14 UTC 2017
#@# MotionCor Fri Dec 29 00:34:23 UTC 2017
#@# Talairach Fri Dec 29 00:34:58 UTC 2017
#@# Talairach Failure Detection Fri Dec 29 00:40:24 UTC 2017
#@# Nu Intensity Correction Fri Dec 29 00:40:25 UTC 2017
#@# Intensity Normalization Fri Dec 29 00:47:31 UTC 2017
#@# Skull Stripping Fri Dec 29 00:54:20 UTC 2017
#@# EM Registration Fri Dec 29 01:46:40 UTC 2017
#@# CA Normalize Fri Dec 29 02:37:57 UTC 2017
#@# CA Reg Fri Dec 29 02:43:59 UTC 2017
#@# SubCort Seg Fri Dec 29 13:50:26 UTC 2017
#@# Merge ASeg Fri Dec 29 17:29:05 UTC 2017
#@# Intensity Normalization2 Fri Dec 29 17:29:05 UTC 2017
#@# Mask BFS Fri Dec 29 17:38:38 UTC 2017
#@# WM Segmentation Fri Dec 29 17:38:45 UTC 2017
#@# Fill Fri Dec 29 17:44:19 UTC 2017
#@# Tessellate lh Fri Dec 29 17:46:13 UTC 2017
#@# Tessellate rh Fri Dec 29 17:46:31 UTC 2017
#@# Smooth1 lh Fri Dec 29 17:46:49 UTC 2017
#@# Smooth1 rh Fri Dec 29 17:47:04 UTC 2017
#@# Inflation1 lh Fri Dec 29 17:47:19 UTC 2017
#@# Inflation1 rh Fri Dec 29 17:48:59 UTC 2017
#@# QSphere lh Fri Dec 29 17:50:35 UTC 2017
#@# QSphere rh Fri Dec 29 18:01:11 UTC 2017
#@# Fix Topology Copy lh Fri Dec 29 18:11:07 UTC 2017
#@# Fix Topology Copy rh Fri Dec 29 18:11:07 UTC 2017
#@# Fix Topology lh Fri Dec 29 18:11:07 UTC 2017
#@# Fix Topology rh Fri Dec 29 19:17:26 UTC 2017
#@# Make White Surf lh Fri Dec 29 20:22:22 UTC 2017
#@# Make White Surf rh Fri Dec 29 20:37:11 UTC 2017
#@# Smooth2 lh Fri Dec 29 20:51:56 UTC 2017
#@# Smooth2 rh Fri Dec 29 20:52:11 UTC 2017
#@# Inflation2 lh Fri Dec 29 20:52:27 UTC 2017
#@# Inflation2 rh Fri Dec 29 20:54:05 UTC 2017
#@# Curv .H and .K lh Fri Dec 29 20:55:50 UTC 2017
#@# Curv .H and .K rh Fri Dec 29 20:59:55 UTC 2017
#@# Curvature Stats lh Fri Dec 29 21:03:40 UTC 2017
#@# Curvature Stats rh Fri Dec 29 21:03:51 UTC 2017
#@# Sphere lh Fri Dec 29 21:04:00 UTC 2017
#@# Sphere rh Sat Dec 30 00:00:07 UTC 2017
#@# Surf Reg lh Sat Dec 30 02:38:04 UTC 2017
#@# Surf Reg rh Sat Dec 30 05:16:37 UTC 2017
#@# Jacobian white lh Sat Dec 30 07:20:45 UTC 2017
#@# Jacobian white rh Sat Dec 30 07:20:49 UTC 2017
#@# AvgCurv lh Sat Dec 30 07:20:52 UTC 2017
#@# AvgCurv rh Sat Dec 30 07:20:55 UTC 2017
#@# Cortical Parc lh Sat Dec 30 07:20:59 UTC 2017
#@# Cortical Parc rh Sat Dec 30 07:21:35 UTC 2017
#@# Make Pial Surf lh Sat Dec 30 07:22:09 UTC 2017
#@# Make Pial Surf rh Sat Dec 30 07:51:55 UTC 2017
#@# Surf Volume lh Sat Dec 30 08:19:24 UTC 2017
#@# Surf Volume rh Sat Dec 30 08:19:31 UTC 2017
#@# Cortical ribbon mask Sat Dec 30 08:19:37 UTC 2017
#@# Parcellation Stats lh Sat Dec 30 08:48:54 UTC 2017
#@# Parcellation Stats rh Sat Dec 30 08:51:44 UTC 2017
#@# Cortical Parc 2 lh Sat Dec 30 08:54:39 UTC 2017
#@# Cortical Parc 2 rh Sat Dec 30 08:55:14 UTC 2017
#@# Parcellation Stats 2 lh Sat Dec 30 08:55:50 UTC 2017
#@# Parcellation Stats 2 rh Sat Dec 30 08:57:16 UTC 2017
#@# Cortical Parc 3 lh Sat Dec 30 08:58:44 UTC 2017
#@# Cortical Parc 3 rh Sat Dec 30 08:59:12 UTC 2017
#@# Parcellation Stats 3 lh Sat Dec 30 08:59:41 UTC 2017
#@# Parcellation Stats 3 rh Sat Dec 30 09:01:06 UTC 2017
#@# WM/GM Contrast lh Sat Dec 30 09:02:29 UTC 2017
#@# WM/GM Contrast rh Sat Dec 30 09:02:40 UTC 2017
#@# Relabel Hypointensities Sat Dec 30 09:02:51 UTC 2017
#@# AParc-to-ASeg aparc Sat Dec 30 09:03:32 UTC 2017
#@# AParc-to-ASeg a2009s Sat Dec 30 09:11:52 UTC 2017
#@# AParc-to-ASeg DKTatlas Sat Dec 30 09:20:10 UTC 2017
#@# APas-to-ASeg Sat Dec 30 09:28:22 UTC 2017
#@# ASeg Stats Sat Dec 30 09:28:34 UTC 2017
#@# WMParc Sat Dec 30 09:33:14 UTC 2017
#@# BA_exvivo Labels lh Sat Dec 30 09:50:39 UTC 2017
#@# BA_exvivo Labels rh Sat Dec 30 10:00:13 UTC 2017
recon-all -s 3075 finished without error at Sat Dec 30 10:09:45 UTC 2017
