status file for recon-all
Fri Dec 29 00:23:00 UTC 2017
#@# MotionCor Fri Dec 29 00:23:12 UTC 2017
#@# Talairach Fri Dec 29 00:24:01 UTC 2017
#@# Talairach Failure Detection Fri Dec 29 01:34:38 UTC 2017
#@# Nu Intensity Correction Fri Dec 29 01:34:41 UTC 2017
#@# Intensity Normalization Fri Dec 29 02:22:40 UTC 2017
#@# Skull Stripping Fri Dec 29 02:26:17 UTC 2017
#@# EM Registration Fri Dec 29 03:22:51 UTC 2017
#@# CA Normalize Fri Dec 29 04:00:12 UTC 2017
#@# CA Reg Fri Dec 29 04:03:35 UTC 2017
#@# SubCort Seg Fri Dec 29 10:56:00 UTC 2017
#@# Merge ASeg Fri Dec 29 13:04:42 UTC 2017
#@# Intensity Normalization2 Fri Dec 29 13:04:42 UTC 2017
#@# Mask BFS Fri Dec 29 13:12:44 UTC 2017
#@# WM Segmentation Fri Dec 29 13:12:49 UTC 2017
#@# Fill Fri Dec 29 13:16:43 UTC 2017
#@# Tessellate lh Fri Dec 29 13:18:21 UTC 2017
#@# Tessellate rh Fri Dec 29 13:18:33 UTC 2017
#@# Smooth1 lh Fri Dec 29 13:18:45 UTC 2017
#@# Smooth1 rh Fri Dec 29 13:18:54 UTC 2017
#@# Inflation1 lh Fri Dec 29 13:19:04 UTC 2017
#@# Inflation1 rh Fri Dec 29 13:20:10 UTC 2017
#@# QSphere lh Fri Dec 29 13:21:18 UTC 2017
#@# QSphere rh Fri Dec 29 13:28:23 UTC 2017
#@# Fix Topology Copy lh Fri Dec 29 13:35:21 UTC 2017
#@# Fix Topology Copy rh Fri Dec 29 13:35:21 UTC 2017
#@# Fix Topology lh Fri Dec 29 13:35:21 UTC 2017
#@# Fix Topology rh Fri Dec 29 14:54:52 UTC 2017
#@# Make White Surf lh Fri Dec 29 15:56:12 UTC 2017
#@# Make White Surf rh Fri Dec 29 16:06:59 UTC 2017
#@# Smooth2 lh Fri Dec 29 16:17:23 UTC 2017
#@# Smooth2 rh Fri Dec 29 16:17:33 UTC 2017
#@# Inflation2 lh Fri Dec 29 16:17:43 UTC 2017
#@# Inflation2 rh Fri Dec 29 16:18:58 UTC 2017
#@# Curv .H and .K lh Fri Dec 29 16:20:09 UTC 2017
#@# Curv .H and .K rh Fri Dec 29 16:22:50 UTC 2017
#@# Curvature Stats lh Fri Dec 29 16:25:28 UTC 2017
#@# Curvature Stats rh Fri Dec 29 16:25:36 UTC 2017
#@# Sphere lh Fri Dec 29 16:25:43 UTC 2017
#@# Sphere rh Fri Dec 29 17:54:05 UTC 2017
#@# Surf Reg lh Fri Dec 29 19:50:33 UTC 2017
#@# Surf Reg rh Fri Dec 29 21:34:48 UTC 2017
#@# Jacobian white lh Fri Dec 29 23:32:30 UTC 2017
#@# Jacobian white rh Fri Dec 29 23:32:33 UTC 2017
#@# AvgCurv lh Fri Dec 29 23:32:37 UTC 2017
#@# AvgCurv rh Fri Dec 29 23:32:41 UTC 2017
#@# Cortical Parc lh Fri Dec 29 23:32:44 UTC 2017
#@# Cortical Parc rh Fri Dec 29 23:33:14 UTC 2017
#@# Make Pial Surf lh Fri Dec 29 23:33:43 UTC 2017
#@# Make Pial Surf rh Sat Dec 30 00:00:23 UTC 2017
#@# Surf Volume lh Sat Dec 30 00:24:31 UTC 2017
#@# Surf Volume rh Sat Dec 30 00:24:37 UTC 2017
#@# Cortical ribbon mask Sat Dec 30 00:24:43 UTC 2017
#@# Parcellation Stats lh Sat Dec 30 00:49:24 UTC 2017
#@# Parcellation Stats rh Sat Dec 30 00:51:48 UTC 2017
#@# Cortical Parc 2 lh Sat Dec 30 00:54:11 UTC 2017
#@# Cortical Parc 2 rh Sat Dec 30 00:54:45 UTC 2017
#@# Parcellation Stats 2 lh Sat Dec 30 00:55:18 UTC 2017
#@# Parcellation Stats 2 rh Sat Dec 30 00:56:30 UTC 2017
#@# Cortical Parc 3 lh Sat Dec 30 00:57:44 UTC 2017
#@# Cortical Parc 3 rh Sat Dec 30 00:58:11 UTC 2017
#@# Parcellation Stats 3 lh Sat Dec 30 00:58:38 UTC 2017
#@# Parcellation Stats 3 rh Sat Dec 30 00:59:48 UTC 2017
#@# WM/GM Contrast lh Sat Dec 30 01:00:58 UTC 2017
#@# WM/GM Contrast rh Sat Dec 30 01:01:10 UTC 2017
#@# Relabel Hypointensities Sat Dec 30 01:01:21 UTC 2017
#@# AParc-to-ASeg aparc Sat Dec 30 01:02:04 UTC 2017
#@# AParc-to-ASeg a2009s Sat Dec 30 01:10:59 UTC 2017
#@# AParc-to-ASeg DKTatlas Sat Dec 30 01:19:50 UTC 2017
#@# APas-to-ASeg Sat Dec 30 01:28:45 UTC 2017
#@# ASeg Stats Sat Dec 30 01:28:57 UTC 2017
#@# WMParc Sat Dec 30 01:35:38 UTC 2017
#@# BA_exvivo Labels lh Sat Dec 30 01:53:27 UTC 2017
#@# BA_exvivo Labels rh Sat Dec 30 02:02:10 UTC 2017
recon-all -s 3059 finished without error at Sat Dec 30 02:10:43 UTC 2017
