status file for recon-all
Fri Dec 29 02:22:46 UTC 2017
#@# MotionCor Fri Dec 29 02:22:53 UTC 2017
#@# Talairach Fri Dec 29 02:23:13 UTC 2017
#@# Talairach Failure Detection Fri Dec 29 02:26:17 UTC 2017
#@# Nu Intensity Correction Fri Dec 29 02:26:17 UTC 2017
#@# Intensity Normalization Fri Dec 29 02:29:59 UTC 2017
#@# Skull Stripping Fri Dec 29 02:34:19 UTC 2017
#@# EM Registration Fri Dec 29 03:07:27 UTC 2017
#@# CA Normalize Fri Dec 29 03:40:21 UTC 2017
#@# CA Reg Fri Dec 29 03:43:17 UTC 2017
#@# SubCort Seg Fri Dec 29 08:16:35 UTC 2017
#@# Merge ASeg Fri Dec 29 10:07:39 UTC 2017
#@# Intensity Normalization2 Fri Dec 29 10:07:39 UTC 2017
#@# Mask BFS Fri Dec 29 10:13:56 UTC 2017
#@# WM Segmentation Fri Dec 29 10:13:59 UTC 2017
#@# Fill Fri Dec 29 10:17:40 UTC 2017
#@# Tessellate lh Fri Dec 29 10:19:08 UTC 2017
#@# Tessellate rh Fri Dec 29 10:19:19 UTC 2017
#@# Smooth1 lh Fri Dec 29 10:19:29 UTC 2017
#@# Smooth1 rh Fri Dec 29 10:19:40 UTC 2017
#@# Inflation1 lh Fri Dec 29 10:19:48 UTC 2017
#@# Inflation1 rh Fri Dec 29 10:20:39 UTC 2017
#@# QSphere lh Fri Dec 29 10:21:31 UTC 2017
#@# QSphere rh Fri Dec 29 10:26:51 UTC 2017
#@# Fix Topology Copy lh Fri Dec 29 10:32:14 UTC 2017
#@# Fix Topology Copy rh Fri Dec 29 10:32:14 UTC 2017
#@# Fix Topology lh Fri Dec 29 10:32:15 UTC 2017
#@# Fix Topology rh Fri Dec 29 15:31:34 UTC 2017
#@# Make White Surf lh Fri Dec 29 17:12:52 UTC 2017
#@# Make White Surf rh Fri Dec 29 17:20:36 UTC 2017
#@# Smooth2 lh Fri Dec 29 17:28:26 UTC 2017
#@# Smooth2 rh Fri Dec 29 17:28:35 UTC 2017
#@# Inflation2 lh Fri Dec 29 17:28:44 UTC 2017
#@# Inflation2 rh Fri Dec 29 17:29:40 UTC 2017
#@# Curv .H and .K lh Fri Dec 29 17:30:41 UTC 2017
#@# Curv .H and .K rh Fri Dec 29 17:33:11 UTC 2017
#@# Curvature Stats lh Fri Dec 29 17:35:43 UTC 2017
#@# Curvature Stats rh Fri Dec 29 17:35:49 UTC 2017
#@# Sphere lh Fri Dec 29 17:35:55 UTC 2017
#@# Sphere rh Fri Dec 29 19:12:38 UTC 2017
#@# Surf Reg lh Fri Dec 29 20:34:26 UTC 2017
#@# Surf Reg rh Fri Dec 29 21:47:50 UTC 2017
#@# Jacobian white lh Fri Dec 29 22:55:39 UTC 2017
#@# Jacobian white rh Fri Dec 29 22:55:41 UTC 2017
#@# AvgCurv lh Fri Dec 29 22:55:44 UTC 2017
#@# AvgCurv rh Fri Dec 29 22:55:46 UTC 2017
#@# Cortical Parc lh Fri Dec 29 22:55:48 UTC 2017
#@# Cortical Parc rh Fri Dec 29 22:56:09 UTC 2017
#@# Make Pial Surf lh Fri Dec 29 22:56:31 UTC 2017
#@# Make Pial Surf rh Fri Dec 29 23:17:59 UTC 2017
#@# Surf Volume lh Fri Dec 29 23:39:07 UTC 2017
#@# Surf Volume rh Fri Dec 29 23:39:12 UTC 2017
#@# Cortical ribbon mask Fri Dec 29 23:39:16 UTC 2017
#@# Parcellation Stats lh Fri Dec 29 23:56:15 UTC 2017
#@# Parcellation Stats rh Fri Dec 29 23:58:17 UTC 2017
#@# Cortical Parc 2 lh Sat Dec 30 00:00:19 UTC 2017
#@# Cortical Parc 2 rh Sat Dec 30 00:00:48 UTC 2017
#@# Parcellation Stats 2 lh Sat Dec 30 00:01:15 UTC 2017
#@# Parcellation Stats 2 rh Sat Dec 30 00:02:17 UTC 2017
#@# Cortical Parc 3 lh Sat Dec 30 00:03:21 UTC 2017
#@# Cortical Parc 3 rh Sat Dec 30 00:03:43 UTC 2017
#@# Parcellation Stats 3 lh Sat Dec 30 00:04:05 UTC 2017
#@# Parcellation Stats 3 rh Sat Dec 30 00:05:04 UTC 2017
#@# WM/GM Contrast lh Sat Dec 30 00:06:07 UTC 2017
#@# WM/GM Contrast rh Sat Dec 30 00:06:17 UTC 2017
#@# Relabel Hypointensities Sat Dec 30 00:06:26 UTC 2017
#@# AParc-to-ASeg aparc Sat Dec 30 00:07:02 UTC 2017
#@# AParc-to-ASeg a2009s Sat Dec 30 00:14:28 UTC 2017
#@# AParc-to-ASeg DKTatlas Sat Dec 30 00:21:50 UTC 2017
#@# APas-to-ASeg Sat Dec 30 00:29:15 UTC 2017
#@# ASeg Stats Sat Dec 30 00:29:26 UTC 2017
#@# WMParc Sat Dec 30 00:35:15 UTC 2017
#@# BA_exvivo Labels lh Sat Dec 30 00:51:09 UTC 2017
#@# BA_exvivo Labels rh Sat Dec 30 00:58:37 UTC 2017
recon-all -s 3106 finished without error at Sat Dec 30 01:06:10 UTC 2017
