status file for recon-all
Thu Dec 28 23:09:59 UTC 2017
#@# MotionCor Thu Dec 28 23:10:03 UTC 2017
#@# Talairach Thu Dec 28 23:10:26 UTC 2017
#@# Talairach Failure Detection Thu Dec 28 23:13:57 UTC 2017
#@# Nu Intensity Correction Thu Dec 28 23:13:57 UTC 2017
#@# Intensity Normalization Thu Dec 28 23:18:35 UTC 2017
#@# Skull Stripping Thu Dec 28 23:23:18 UTC 2017
#@# EM Registration Fri Dec 29 00:20:58 UTC 2017
#@# CA Normalize Fri Dec 29 00:56:58 UTC 2017
#@# CA Reg Fri Dec 29 01:00:44 UTC 2017
#@# SubCort Seg Fri Dec 29 08:53:07 UTC 2017
#@# Merge ASeg Fri Dec 29 11:41:06 UTC 2017
#@# Intensity Normalization2 Fri Dec 29 11:41:06 UTC 2017
#@# Mask BFS Fri Dec 29 11:49:53 UTC 2017
#@# WM Segmentation Fri Dec 29 11:49:59 UTC 2017
#@# Fill Fri Dec 29 11:55:06 UTC 2017
#@# Tessellate lh Fri Dec 29 11:57:11 UTC 2017
#@# Tessellate rh Fri Dec 29 11:57:25 UTC 2017
#@# Smooth1 lh Fri Dec 29 11:57:40 UTC 2017
#@# Smooth1 rh Fri Dec 29 11:57:50 UTC 2017
#@# Inflation1 lh Fri Dec 29 11:58:03 UTC 2017
#@# Inflation1 rh Fri Dec 29 11:59:13 UTC 2017
#@# QSphere lh Fri Dec 29 12:00:17 UTC 2017
#@# QSphere rh Fri Dec 29 12:07:25 UTC 2017
#@# Fix Topology Copy lh Fri Dec 29 12:15:03 UTC 2017
#@# Fix Topology Copy rh Fri Dec 29 12:15:03 UTC 2017
#@# Fix Topology lh Fri Dec 29 12:15:03 UTC 2017
#@# Fix Topology rh Fri Dec 29 13:19:21 UTC 2017
#@# Make White Surf lh Fri Dec 29 14:41:20 UTC 2017
#@# Make White Surf rh Fri Dec 29 14:52:14 UTC 2017
#@# Smooth2 lh Fri Dec 29 15:02:51 UTC 2017
#@# Smooth2 rh Fri Dec 29 15:03:03 UTC 2017
#@# Inflation2 lh Fri Dec 29 15:03:14 UTC 2017
#@# Inflation2 rh Fri Dec 29 15:04:26 UTC 2017
#@# Curv .H and .K lh Fri Dec 29 15:05:36 UTC 2017
#@# Curv .H and .K rh Fri Dec 29 15:08:21 UTC 2017
#@# Curvature Stats lh Fri Dec 29 15:11:07 UTC 2017
#@# Curvature Stats rh Fri Dec 29 15:11:15 UTC 2017
#@# Sphere lh Fri Dec 29 15:11:23 UTC 2017
#@# Sphere rh Fri Dec 29 16:36:39 UTC 2017
#@# Surf Reg lh Fri Dec 29 17:57:21 UTC 2017
#@# Surf Reg rh Fri Dec 29 19:22:36 UTC 2017
#@# Jacobian white lh Fri Dec 29 21:03:15 UTC 2017
#@# Jacobian white rh Fri Dec 29 21:03:19 UTC 2017
#@# AvgCurv lh Fri Dec 29 21:03:23 UTC 2017
#@# AvgCurv rh Fri Dec 29 21:03:27 UTC 2017
#@# Cortical Parc lh Fri Dec 29 21:03:31 UTC 2017
#@# Cortical Parc rh Fri Dec 29 21:04:09 UTC 2017
#@# Make Pial Surf lh Fri Dec 29 21:04:43 UTC 2017
#@# Make Pial Surf rh Fri Dec 29 21:34:53 UTC 2017
#@# Surf Volume lh Fri Dec 29 22:07:19 UTC 2017
#@# Surf Volume rh Fri Dec 29 22:07:27 UTC 2017
#@# Cortical ribbon mask Fri Dec 29 22:07:35 UTC 2017
#@# Parcellation Stats lh Fri Dec 29 22:37:22 UTC 2017
#@# Parcellation Stats rh Fri Dec 29 22:40:56 UTC 2017
#@# Cortical Parc 2 lh Fri Dec 29 22:44:31 UTC 2017
#@# Cortical Parc 2 rh Fri Dec 29 22:45:17 UTC 2017
#@# Parcellation Stats 2 lh Fri Dec 29 22:46:06 UTC 2017
#@# Parcellation Stats 2 rh Fri Dec 29 22:47:55 UTC 2017
#@# Cortical Parc 3 lh Fri Dec 29 22:49:37 UTC 2017
#@# Cortical Parc 3 rh Fri Dec 29 22:50:18 UTC 2017
#@# Parcellation Stats 3 lh Fri Dec 29 22:50:57 UTC 2017
#@# Parcellation Stats 3 rh Fri Dec 29 22:52:36 UTC 2017
#@# WM/GM Contrast lh Fri Dec 29 22:54:19 UTC 2017
#@# WM/GM Contrast rh Fri Dec 29 22:54:33 UTC 2017
#@# Relabel Hypointensities Fri Dec 29 22:54:46 UTC 2017
#@# AParc-to-ASeg aparc Fri Dec 29 22:55:56 UTC 2017
#@# AParc-to-ASeg a2009s Fri Dec 29 23:08:04 UTC 2017
#@# AParc-to-ASeg DKTatlas Fri Dec 29 23:20:19 UTC 2017
#@# APas-to-ASeg Fri Dec 29 23:31:14 UTC 2017
#@# ASeg Stats Fri Dec 29 23:31:32 UTC 2017
#@# WMParc Fri Dec 29 23:41:52 UTC 2017
#@# BA_exvivo Labels lh Sat Dec 30 00:07:00 UTC 2017
#@# BA_exvivo Labels rh Sat Dec 30 00:18:55 UTC 2017
recon-all -s 3018 finished without error at Sat Dec 30 00:31:21 UTC 2017
