status file for recon-all
Fri Dec 29 00:21:46 UTC 2017
#@# MotionCor Fri Dec 29 00:22:09 UTC 2017
#@# Talairach Fri Dec 29 00:22:54 UTC 2017
#@# Talairach Failure Detection Fri Dec 29 01:34:36 UTC 2017
#@# Nu Intensity Correction Fri Dec 29 01:34:41 UTC 2017
#@# Intensity Normalization Fri Dec 29 02:34:40 UTC 2017
#@# Skull Stripping Fri Dec 29 02:39:16 UTC 2017
#@# EM Registration Fri Dec 29 03:34:11 UTC 2017
#@# CA Normalize Fri Dec 29 04:14:31 UTC 2017
#@# CA Reg Fri Dec 29 04:18:13 UTC 2017
#@# SubCort Seg Fri Dec 29 11:16:32 UTC 2017
#@# Merge ASeg Fri Dec 29 13:19:51 UTC 2017
#@# Intensity Normalization2 Fri Dec 29 13:19:51 UTC 2017
#@# Mask BFS Fri Dec 29 13:27:42 UTC 2017
#@# WM Segmentation Fri Dec 29 13:27:46 UTC 2017
#@# Fill Fri Dec 29 13:31:46 UTC 2017
#@# Tessellate lh Fri Dec 29 13:33:30 UTC 2017
#@# Tessellate rh Fri Dec 29 13:33:44 UTC 2017
#@# Smooth1 lh Fri Dec 29 13:33:58 UTC 2017
#@# Smooth1 rh Fri Dec 29 13:34:09 UTC 2017
#@# Inflation1 lh Fri Dec 29 13:34:21 UTC 2017
#@# Inflation1 rh Fri Dec 29 13:35:37 UTC 2017
#@# QSphere lh Fri Dec 29 13:36:54 UTC 2017
#@# QSphere rh Fri Dec 29 13:44:59 UTC 2017
#@# Fix Topology Copy lh Fri Dec 29 13:52:57 UTC 2017
#@# Fix Topology Copy rh Fri Dec 29 13:52:57 UTC 2017
#@# Fix Topology lh Fri Dec 29 13:52:57 UTC 2017
#@# Fix Topology rh Fri Dec 29 14:30:03 UTC 2017
#@# Make White Surf lh Fri Dec 29 14:57:00 UTC 2017
#@# Make White Surf rh Fri Dec 29 15:09:31 UTC 2017
#@# Smooth2 lh Fri Dec 29 15:21:21 UTC 2017
#@# Smooth2 rh Fri Dec 29 15:21:32 UTC 2017
#@# Inflation2 lh Fri Dec 29 15:21:42 UTC 2017
#@# Inflation2 rh Fri Dec 29 15:22:59 UTC 2017
#@# Curv .H and .K lh Fri Dec 29 15:24:15 UTC 2017
#@# Curv .H and .K rh Fri Dec 29 15:27:10 UTC 2017
#@# Curvature Stats lh Fri Dec 29 15:30:02 UTC 2017
#@# Curvature Stats rh Fri Dec 29 15:30:11 UTC 2017
#@# Sphere lh Fri Dec 29 15:30:20 UTC 2017
#@# Sphere rh Fri Dec 29 17:17:04 UTC 2017
#@# Surf Reg lh Fri Dec 29 19:06:39 UTC 2017
#@# Surf Reg rh Fri Dec 29 21:52:07 UTC 2017
#@# Jacobian white lh Sat Dec 30 00:23:55 UTC 2017
#@# Jacobian white rh Sat Dec 30 00:23:59 UTC 2017
#@# AvgCurv lh Sat Dec 30 00:24:02 UTC 2017
#@# AvgCurv rh Sat Dec 30 00:24:06 UTC 2017
#@# Cortical Parc lh Sat Dec 30 00:24:09 UTC 2017
#@# Cortical Parc rh Sat Dec 30 00:24:39 UTC 2017
#@# Make Pial Surf lh Sat Dec 30 00:25:09 UTC 2017
#@# Make Pial Surf rh Sat Dec 30 00:52:18 UTC 2017
#@# Surf Volume lh Sat Dec 30 01:19:25 UTC 2017
#@# Surf Volume rh Sat Dec 30 01:19:32 UTC 2017
#@# Cortical ribbon mask Sat Dec 30 01:19:39 UTC 2017
#@# Parcellation Stats lh Sat Dec 30 01:53:13 UTC 2017
#@# Parcellation Stats rh Sat Dec 30 01:55:56 UTC 2017
#@# Cortical Parc 2 lh Sat Dec 30 01:58:44 UTC 2017
#@# Cortical Parc 2 rh Sat Dec 30 01:59:19 UTC 2017
#@# Parcellation Stats 2 lh Sat Dec 30 01:59:54 UTC 2017
#@# Parcellation Stats 2 rh Sat Dec 30 02:01:17 UTC 2017
#@# Cortical Parc 3 lh Sat Dec 30 02:02:38 UTC 2017
#@# Cortical Parc 3 rh Sat Dec 30 02:03:06 UTC 2017
#@# Parcellation Stats 3 lh Sat Dec 30 02:03:36 UTC 2017
#@# Parcellation Stats 3 rh Sat Dec 30 02:04:53 UTC 2017
#@# WM/GM Contrast lh Sat Dec 30 02:06:13 UTC 2017
#@# WM/GM Contrast rh Sat Dec 30 02:06:26 UTC 2017
#@# Relabel Hypointensities Sat Dec 30 02:06:35 UTC 2017
#@# AParc-to-ASeg aparc Sat Dec 30 02:07:12 UTC 2017
#@# AParc-to-ASeg a2009s Sat Dec 30 02:15:34 UTC 2017
#@# AParc-to-ASeg DKTatlas Sat Dec 30 02:24:03 UTC 2017
#@# APas-to-ASeg Sat Dec 30 02:32:19 UTC 2017
#@# ASeg Stats Sat Dec 30 02:32:30 UTC 2017
#@# WMParc Sat Dec 30 02:37:31 UTC 2017
#@# BA_exvivo Labels lh Sat Dec 30 02:57:12 UTC 2017
#@# BA_exvivo Labels rh Sat Dec 30 03:06:53 UTC 2017
recon-all -s 3056 finished without error at Sat Dec 30 03:16:39 UTC 2017
